<?xml version="1.0" encoding="UTF-8"?>
<!-- Generated by org.testng.reporters.JUnitXMLReporter -->
<testsuite ignored="0" hostname="DESKTOP-5GKDE6B" failures="1" tests="4" name="Test" time="0.204" errors="0" timestamp="2024-05-03T19:22:30 IST">
  <testcase classname="org.testnggg.TestN" name="test" time="0.085">
    <failure type="java.lang.NullPointerException" message="Cannot invoke &amp;quot;org.openqa.selenium.SearchContext.findElement(org.openqa.selenium.By)&amp;quot; because &amp;quot;this.searchContext&amp;quot; is null">
      <![CDATA[java.lang.NullPointerException: Cannot invoke "org.openqa.selenium.SearchContext.findElement(org.openqa.selenium.By)" because "this.searchContext" is null
at org.openqa.selenium.support.pagefactory.DefaultElementLocator.findElement(DefaultElementLocator.java:68)
at org.openqa.selenium.support.pagefactory.internal.LocatingElementHandler.invoke(LocatingElementHandler.java:38)
at jdk.proxy2/jdk.proxy2.$Proxy15.isDisplayed(Unknown Source)
at org.openqa.selenium.support.ui.ExpectedConditions.elementIfVisible(ExpectedConditions.java:304)
at org.openqa.selenium.support.ui.ExpectedConditions$10.apply(ExpectedConditions.java:290)
at org.openqa.selenium.support.ui.ExpectedConditions$10.apply(ExpectedConditions.java:287)
at org.openqa.selenium.support.ui.FluentWait.until(FluentWait.java:203)
at org.green.BaseClass.explicitWait(BaseClass.java:309)
at org.green.BaseClass.elementSendKeys(BaseClass.java:61)
at org.wipro.LoginPage.login(LoginPage.java:35)
at java.base/java.util.ArrayList.forEach(ArrayList.java:1511)
... Removed 28 stack frames]]>
    </failure>
  </testcase> <!-- test -->
  <testcase classname="org.testnggg.Priorityy" name="login" time="0.005"/>
  <testcase classname="org.testnggg.Priorityy" name="search" time="0.002"/>
  <testcase classname="org.testnggg.Priorityy" name="hotel" time="0.009"/>
</testsuite> <!-- Test -->
